<?xml version="1.0" encoding="UTF-8"?>
<!-- Generated by org.testng.reporters.JUnitReportReporter -->
<testsuite skipped="0" hostname="DESKTOP-J4DO44B" name="testcases.TC004Navigation_Kids" tests="1" failures="0" timestamp="24 Jun 2021 03:04:42 GMT" time="47.996" errors="0">
  <testcase name="verifyKidsNavigation" time="47.996" classname="testcases.TC004Navigation_Kids"/>
</testsuite> <!-- testcases.TC004Navigation_Kids -->
