<?xml version="1.0" encoding="UTF-8"?>
<!-- Generated by org.testng.reporters.JUnitReportReporter -->
<testsuite skipped="0" hostname="DESKTOP-J4DO44B" name="testcases.TC002Navigation_Coronavirus" tests="1" failures="0" timestamp="26 Jun 2021 14:21:55 GMT" time="10.359" errors="0">
  <testcase name="verifyTitle" time="10.359" classname="testcases.TC002Navigation_Coronavirus"/>
</testsuite> <!-- testcases.TC002Navigation_Coronavirus -->
