<?xml version="1.0" encoding="UTF-8"?>
<!-- Generated by org.testng.reporters.JUnitReportReporter -->
<testsuite skipped="0" hostname="DESKTOP-J4DO44B" name="testcases.TC001HomePage" tests="1" failures="0" timestamp="24 Jun 2021 03:39:09 GMT" time="0.358" errors="0">
  <testcase name="verifyImgDisplay" time="0.358" classname="testcases.TC001HomePage"/>
</testsuite> <!-- testcases.TC001HomePage -->
